Warning[205] /home/user/pic-hourglass/pic-hourgalss.X/main.asm 1 : Found directive in column 1. (LIST)
Warning[207] /home/user/pic-hourglass/pic-hourgalss.X/main.asm 8 : Found label after column 1. (TMP)
Warning[205] /home/user/pic-hourglass/pic-hourgalss.X/main.asm 9 : Found directive in column 1. (__CONFIG)
Warning[205] /home/user/pic-hourglass/pic-hourgalss.X/main.asm 10 : Found directive in column 1. (__CONFIG)
Warning[205] /home/user/pic-hourglass/pic-hourgalss.X/main.asm 12 : Found directive in column 1. (ORG)
Message[302] /home/user/pic-hourglass/pic-hourgalss.X/main.asm 21 : Register in operand not in bank 0.  Ensure that bank bits are correct.
Message[302] /home/user/pic-hourglass/pic-hourgalss.X/main.asm 26 : Register in operand not in bank 0.  Ensure that bank bits are correct.
Message[302] /home/user/pic-hourglass/pic-hourgalss.X/main.asm 28 : Register in operand not in bank 0.  Ensure that bank bits are correct.
Message[305] /home/user/pic-hourglass/pic-hourgalss.X/main.asm 37 : Using default destination of 1 (file).
Message[305] /home/user/pic-hourglass/pic-hourgalss.X/main.asm 40 : Using default destination of 1 (file).
Message[305] /home/user/pic-hourglass/pic-hourgalss.X/main.asm 43 : Using default destination of 1 (file).
Message[305] /home/user/pic-hourglass/pic-hourgalss.X/main.asm 46 : Using default destination of 1 (file).
Message[305] /home/user/pic-hourglass/pic-hourgalss.X/main.asm 49 : Using default destination of 1 (file).
Warning[207] /home/user/pic-hourglass/pic-hourgalss.X/main.asm 56 : Found label after column 1. (_STATE1)
Warning[202] /home/user/pic-hourglass/pic-hourgalss.X/main.asm 131 : Argument out of range.  Least significant bits used.
Warning[202] /home/user/pic-hourglass/pic-hourgalss.X/main.asm 135 : Argument out of range.  Least significant bits used.
Warning[202] /home/user/pic-hourglass/pic-hourgalss.X/main.asm 175 : Argument out of range.  Least significant bits used.
Warning[202] /home/user/pic-hourglass/pic-hourgalss.X/main.asm 178 : Argument out of range.  Least significant bits used.
Warning[202] /home/user/pic-hourglass/pic-hourgalss.X/main.asm 185 : Argument out of range.  Least significant bits used.
Warning[202] /home/user/pic-hourglass/pic-hourgalss.X/main.asm 188 : Argument out of range.  Least significant bits used.
Warning[202] /home/user/pic-hourglass/pic-hourgalss.X/main.asm 195 : Argument out of range.  Least significant bits used.
Warning[202] /home/user/pic-hourglass/pic-hourgalss.X/main.asm 198 : Argument out of range.  Least significant bits used.
Warning[202] /home/user/pic-hourglass/pic-hourgalss.X/main.asm 205 : Argument out of range.  Least significant bits used.
Warning[202] /home/user/pic-hourglass/pic-hourgalss.X/main.asm 208 : Argument out of range.  Least significant bits used.
Warning[202] /home/user/pic-hourglass/pic-hourgalss.X/main.asm 215 : Argument out of range.  Least significant bits used.
Warning[202] /home/user/pic-hourglass/pic-hourgalss.X/main.asm 218 : Argument out of range.  Least significant bits used.
Warning[202] /home/user/pic-hourglass/pic-hourgalss.X/main.asm 225 : Argument out of range.  Least significant bits used.
Warning[202] /home/user/pic-hourglass/pic-hourgalss.X/main.asm 228 : Argument out of range.  Least significant bits used.
Warning[202] /home/user/pic-hourglass/pic-hourgalss.X/main.asm 235 : Argument out of range.  Least significant bits used.
Warning[202] /home/user/pic-hourglass/pic-hourgalss.X/main.asm 238 : Argument out of range.  Least significant bits used.
Warning[202] /home/user/pic-hourglass/pic-hourgalss.X/main.asm 245 : Argument out of range.  Least significant bits used.
Warning[202] /home/user/pic-hourglass/pic-hourgalss.X/main.asm 248 : Argument out of range.  Least significant bits used.
Warning[202] /home/user/pic-hourglass/pic-hourgalss.X/main.asm 255 : Argument out of range.  Least significant bits used.
Warning[202] /home/user/pic-hourglass/pic-hourgalss.X/main.asm 258 : Argument out of range.  Least significant bits used.
Warning[202] /home/user/pic-hourglass/pic-hourgalss.X/main.asm 265 : Argument out of range.  Least significant bits used.
Warning[202] /home/user/pic-hourglass/pic-hourgalss.X/main.asm 268 : Argument out of range.  Least significant bits used.
Warning[202] /home/user/pic-hourglass/pic-hourgalss.X/main.asm 275 : Argument out of range.  Least significant bits used.
Warning[202] /home/user/pic-hourglass/pic-hourgalss.X/main.asm 278 : Argument out of range.  Least significant bits used.
Warning[202] /home/user/pic-hourglass/pic-hourgalss.X/main.asm 285 : Argument out of range.  Least significant bits used.
Warning[202] /home/user/pic-hourglass/pic-hourgalss.X/main.asm 288 : Argument out of range.  Least significant bits used.
Warning[205] /home/user/pic-hourglass/pic-hourgalss.X/main.asm 332 : Found directive in column 1. (end)
