MPASM 5.87  /HOME/USER/PIC-HOURGLASS/PIC-HOU   10-11-2024  20:37:15         PAGE  1


LOC  OBJECT CODE     LINE SOURCE TEXT
  VALUE

Warning[205]: Found directive in column 1. (LIST)
                      00001 LIST P=PIC16F1827
                      00002 #include<p16f1827.inc>
                      00001         LIST
                      00002 
                      00003 ;==========================================================================
                      00004 ; Build date : Jan 06 2020
                      00005 ;  MPASM PIC16F1827 processor include
                      00006 ; 
                      00007 ;  (c) Copyright 1999-2020 Microchip Technology, All rights reserved
                      00008 ;==========================================================================
                      00009 
                      01313         LIST
                      00003 
  00000070            00004 CNT0    EQU     0x70
  00000071            00005 CNT1    EQU     0x71
  00000072            00006 CNT2    EQU     0x72
  00000073            00007 CNT3 EQU 0x73
  00000074            00008 CNT4 EQU 0x74
  00000028            00009 CNT4_DEFAULT EQU d'40'
  00000014            00010 CNT4_HALF EQU d'20'
  00000074            00011 TMP EQU 0x74
Warning[205]: Found directive in column 1. (__CONFIG)
8007   0984           00012 __CONFIG        _CONFIG1, _FOSC_INTOSC & _WDTE_OFF & _PWRTE_ON & _MCLRE_OFF & _CP_OFF & _CPD_OFF & _BORE
                            N_OFF & _CLKOUTEN_OFF & _IESO_OFF & _FCMEN_OFF
Warning[205]: Found directive in column 1. (__CONFIG)
8008   1CFF           00013 __CONFIG        _CONFIG2, _WRT_OFF & _PLLEN_OFF & _STVREN_OFF & _BORV_LO & _LVP_OFF
                      00014 
Warning[205]: Found directive in column 1. (ORG)
                      00015 ORG 0x0000
0000   018C           00016     CLRF PORTA
0001   018D           00017     CLRF PORTB
0002   1408           00018     BSF BSR, BSR0
                      00019     ; バンク1
                      00020     ; クロックを4MHzに設定
0003   3068           00021     MOVLW B'01101000'
Message[302]: Register in operand not in bank 0.  Ensure that bank bits are correct.
0004   0099           00022     MOVWF OSCCON
0005   1488           00023     BSF BSR, BSR1
                      00024     ; バンク3
                      00025     ; ディジタル入力を受け入れるようにする
                      00026     ; CLRF ANSELAをすると何故かRA4の動きがXORみたいな動きをするようになる。
                      00027     ; 今回はANSELAを行わないことで対応
Message[302]: Register in operand not in bank 0.  Ensure that bank bits are correct.
0006   018D           00028     CLRF ANSELB
                      00029     ; バンク1
0007   1408           00030     BSF BSR, BSR0
0008   1088           00031     BCF BSR, BSR1
0009   3000           00032     MOVLW 0x00
Message[302]: Register in operand not in bank 0.  Ensure that bank bits are correct.
000A   008C           00033     MOVWF TRISA
000B   3030           00034     MOVLW 0x30
Message[302]: Register in operand not in bank 0.  Ensure that bank bits are correct.
MPASM 5.87  /HOME/USER/PIC-HOURGLASS/PIC-HOU   10-11-2024  20:37:15         PAGE  2


LOC  OBJECT CODE     LINE SOURCE TEXT
  VALUE

000C   008D           00035     MOVWF TRISB
                      00036     ; バンク0
000D   1008           00037     BCF BSR, BSR0
000E   018C           00038     CLRF PORTA
000F   018D           00039     CLRF PORTB
0010                  00040 LOOP
0010   30F0           00041     MOVLW D'240'
0011   00F3           00042     MOVWF CNT3
0012   3028           00043     MOVLW CNT4_DEFAULT
0013   00F4           00044     MOVWF CNT4
0014                  00045 STATE0
Message[305]: Using default destination of 1 (file).
0014   0BF3           00046     DECFSZ CNT3
0015   2???           00047     GOTO _STATE0
0016   30F0           00048     MOVLW D'240'
0017   00F3           00049     MOVWF CNT3
0018   3028           00050     MOVLW CNT4_DEFAULT
0019   00F4           00051     MOVWF CNT4
                      00052     ; STATE0終了
001A                  00053 STATE1
Message[305]: Using default destination of 1 (file).
001A   0BF3           00054     DECFSZ CNT3
001B   2???           00055     GOTO _STATE1
                      00056     ; STATE1終了
001C   30F0           00057     MOVLW D'240'
001D   00F3           00058     MOVWF CNT3
001E   3028           00059     MOVLW CNT4_DEFAULT
001F   00F4           00060     MOVWF CNT4
0020                  00061 STATE2
Message[305]: Using default destination of 1 (file).
0020   0BF3           00062     DECFSZ CNT3
0021   2???           00063     GOTO _STATE2
                      00064     ; STATE2終了
0022   30F0           00065     MOVLW D'240'
0023   00F3           00066     MOVWF CNT3
0024   3028           00067     MOVLW CNT4_DEFAULT
0025   00F4           00068     MOVWF CNT4
0026                  00069 STATE3
Message[305]: Using default destination of 1 (file).
0026   0BF3           00070     DECFSZ CNT3
0027   2???           00071     GOTO _STATE3
                      00072     ; STATE3終了
0028   30F0           00073     MOVLW D'240'
0029   00F3           00074     MOVWF CNT3
002A   3028           00075     MOVLW CNT4_DEFAULT
002B   00F4           00076     MOVWF CNT4
002C                  00077 STATE4
Message[305]: Using default destination of 1 (file).
002C   0BF3           00078     DECFSZ CNT3
002D   2???           00079     GOTO _STATE4
                      00080     ; STATE4終了
002E   30F0           00081     MOVLW D'240'
002F   00F3           00082     MOVWF CNT3
MPASM 5.87  /HOME/USER/PIC-HOURGLASS/PIC-HOU   10-11-2024  20:37:15         PAGE  3


LOC  OBJECT CODE     LINE SOURCE TEXT
  VALUE

0030   3028           00083     MOVLW CNT4_DEFAULT
0031   00F4           00084     MOVWF CNT4
0032                  00085 STATE5
Message[305]: Using default destination of 1 (file).
0032   0BF3           00086     DECFSZ CNT3
0033   2???           00087     GOTO _STATE5    
                      00088     ; STATE5終了
0034   30F0           00089     MOVLW D'240'
0035   00F3           00090     MOVWF CNT3
0036   3028           00091     MOVLW CNT4_DEFAULT
0037   00F4           00092     MOVWF CNT4
0038                  00093 STATE6
Message[305]: Using default destination of 1 (file).
0038   0BF3           00094     DECFSZ CNT3
0039   2???           00095     GOTO _STATE6
                      00096     ; STATE6終了
003A   30F0           00097     MOVLW D'240'
003B   00F3           00098     MOVWF CNT3
003C   3028           00099     MOVLW CNT4_DEFAULT
003D   00F4           00100     MOVWF CNT4
003E                  00101 STATE7
Message[305]: Using default destination of 1 (file).
003E   0BF3           00102     DECFSZ CNT3
003F   2???           00103     GOTO _STATE7
                      00104     ; STATE7終了
0040   2???           00105     GOTO LOOP
                      00106 
0041                  00107 _STATE0
0041   2???           00108     CALL LED1
0042   2???           00109     CALL LED2
0043   2???           00110     CALL LED3
0044   2???           00111     CALL LED4
0045   2???           00112     CALL LED5
0046   2???           00113     CALL LED6
0047   2???           00114     GOTO STATE0
                      00115     
0048                  00116 _STATE1
0048   0874           00117     MOVF CNT4, W
0049   3C14           00118     SUBLW CNT4_HALF
004A   1C03           00119     BTFSS STATUS, C
004B   2???           00120     GOTO _STATE1_ON
                      00121     ; 点滅
004C   2???           00122     CALL LED_CLEAR
004D   2???           00123     CALL LED_CLEAR
004E   2???           00124     CALL LED_CLEAR
004F   2???           00125     CALL LED4
0050   2???           00126     CALL LED5
0051   2???           00127     CALL LED6
0052   0874           00128     MOVF CNT4, W
0053   1D03           00129     BTFSS STATUS, Z
0054   2???           00130     GOTO _STATE1_DEC
0055   3028           00131     MOVLW CNT4_DEFAULT
0056   00F4           00132     MOVWF CNT4
MPASM 5.87  /HOME/USER/PIC-HOURGLASS/PIC-HOU   10-11-2024  20:37:15         PAGE  4


LOC  OBJECT CODE     LINE SOURCE TEXT
  VALUE

0057   2???           00133     GOTO STATE1
0058                  00134 _STATE1_ON
0058   2???           00135     CALL LED1
0059   2???           00136     CALL LED2
005A   2???           00137     CALL LED3
005B   2???           00138     CALL LED4
005C   2???           00139     CALL LED5
005D   2???           00140     CALL LED6
Message[305]: Using default destination of 1 (file).
005E   03F4           00141     DECF CNT4
005F   2???           00142     GOTO STATE1
0060                  00143 _STATE1_DEC
Message[305]: Using default destination of 1 (file).
0060   03F4           00144     DECF CNT4
0061   2???           00145     GOTO STATE1
                      00146 
0062                  00147 _STATE2
0062   2???           00148     CALL LED4
0063   2???           00149     CALL LED5
0064   2???           00150     CALL LED6
0065   2???           00151     CALL LED10
0066   2???           00152     CALL LED11
0067   2???           00153     CALL LED12
0068   2???           00154     GOTO STATE2
                      00155     
0069                  00156 _STATE3
0069   0874           00157     MOVF CNT4, W
006A   3C14           00158     SUBLW CNT4_HALF
006B   1C03           00159     BTFSS STATUS, C
006C   2???           00160     GOTO _STATE3_ON
                      00161     ; 点滅
006D   2???           00162     CALL LED_CLEAR
006E   2???           00163     CALL LED_CLEAR
006F   2???           00164     CALL LED6
0070   2???           00165     CALL LED10
0071   2???           00166     CALL LED11
0072   2???           00167     CALL LED12
0073   0874           00168     MOVF CNT4, W
0074   1D03           00169     BTFSS STATUS, Z
0075   2???           00170     GOTO _STATE3_DEC
0076   3028           00171     MOVLW CNT4_DEFAULT
0077   00F4           00172     MOVWF CNT4
0078   2???           00173     GOTO STATE3
0079                  00174 _STATE3_ON
0079   2???           00175     CALL LED4
007A   2???           00176     CALL LED5
007B   2???           00177     CALL LED6
007C   2???           00178     CALL LED10
007D   2???           00179     CALL LED11
007E   2???           00180     CALL LED12
Message[305]: Using default destination of 1 (file).
007F   03F4           00181     DECF CNT4
0080   2???           00182     GOTO STATE3
MPASM 5.87  /HOME/USER/PIC-HOURGLASS/PIC-HOU   10-11-2024  20:37:15         PAGE  5


LOC  OBJECT CODE     LINE SOURCE TEXT
  VALUE

0081                  00183 _STATE3_DEC
Message[305]: Using default destination of 1 (file).
0081   03F4           00184     DECF CNT4
0082   2???           00185     GOTO STATE3
                      00186 
0083                  00187 _STATE4
0083   2???           00188     CALL LED6
0084   2???           00189     CALL LED8
0085   2???           00190     CALL LED9
0086   2???           00191     CALL LED10
0087   2???           00192     CALL LED11
0088   2???           00193     CALL LED12
0089   2???           00194     GOTO STATE4
                      00195 
008A                  00196 _STATE5
008A   0874           00197     MOVF CNT4, W
008B   3C14           00198     SUBLW CNT4_HALF
008C   1C03           00199     BTFSS STATUS, C
008D   2???           00200     GOTO _STATE5_ON
                      00201     ; 点滅
008E   2???           00202     CALL LED_CLEAR
008F   2???           00203     CALL LED8
0090   2???           00204     CALL LED9
0091   2???           00205     CALL LED10
0092   2???           00206     CALL LED11
0093   2???           00207     CALL LED12
0094   0874           00208     MOVF CNT4, W
0095   1D03           00209     BTFSS STATUS, Z
0096   2???           00210     GOTO _STATE5_DEC
0097   3028           00211     MOVLW CNT4_DEFAULT
0098   00F4           00212     MOVWF CNT4
0099   2???           00213     GOTO STATE5
009A                  00214 _STATE5_ON
009A   2???           00215     CALL LED6
009B   2???           00216     CALL LED8
009C   2???           00217     CALL LED9
009D   2???           00218     CALL LED10
009E   2???           00219     CALL LED11
009F   2???           00220     CALL LED12
Message[305]: Using default destination of 1 (file).
00A0   03F4           00221     DECF CNT4
00A1   2???           00222     GOTO STATE5
00A2                  00223 _STATE5_DEC
Message[305]: Using default destination of 1 (file).
00A2   03F4           00224     DECF CNT4
00A3   2???           00225     GOTO STATE5
                      00226 
00A4                  00227 _STATE6
00A4   2???           00228     CALL LED7
00A5   2???           00229     CALL LED8
00A6   2???           00230     CALL LED9
00A7   2???           00231     CALL LED10
00A8   2???           00232     CALL LED11
MPASM 5.87  /HOME/USER/PIC-HOURGLASS/PIC-HOU   10-11-2024  20:37:15         PAGE  6


LOC  OBJECT CODE     LINE SOURCE TEXT
  VALUE

00A9   2???           00233     CALL LED12
00AA   2???           00234     GOTO STATE6
                      00235 
00AB                  00236 _STATE7
00AB   2???           00237     CALL LED_CLEAR
00AC   2???           00238     CALL LED_CLEAR
00AD   2???           00239     CALL LED_CLEAR
00AE   2???           00240     CALL LED_CLEAR
00AF   2???           00241     CALL LED_CLEAR
00B0   2???           00242     CALL LED_CLEAR
00B1   2???           00243     GOTO STATE7
                      00244 
00B2                  00245 LED_CLEAR
00B2   080C           00246     MOVF PORTA, W
Warning[202]: Argument out of range.  Least significant bits used.
00B3   3911           00247     ANDLW 0b11100011
00B4   3E00           00248     ADDLW 0x00
00B5   008C           00249     MOVWF PORTA
00B6   080D           00250     MOVF PORTB, W
Warning[202]: Argument out of range.  Least significant bits used.
00B7   3900           00251     ANDLW 0x11110000
00B8   3E00           00252     ADDLW 0x00
00B9   008D           00253     MOVWF PORTB
00BA   2???           00254     CALL TIMER_LED
00BB   0008           00255     RETURN
                      00256 
00BC                  00257 LED1
Warning[202]: Argument out of range.  Least significant bits used.
00BC   3011           00258     MOVLW 0b11100011
00BD   058C           00259     ANDWF PORTA, F
00BE   080D           00260     MOVF PORTB, W
Warning[202]: Argument out of range.  Least significant bits used.
00BF   3900           00261     ANDLW 0x11110000
00C0   3E07           00262     ADDLW 0x07
00C1   008D           00263     MOVWF PORTB
00C2   3004           00264     MOVLW 0x04
00C3   078C           00265     ADDWF PORTA, F
00C4   2???           00266     CALL TIMER_LED
00C5   0008           00267     RETURN
00C6                  00268 LED2
Warning[202]: Argument out of range.  Least significant bits used.
00C6   3011           00269     MOVLW 0b11100011
00C7   058C           00270     ANDWF PORTA, F
00C8   080D           00271     MOVF PORTB, W
Warning[202]: Argument out of range.  Least significant bits used.
00C9   3900           00272     ANDLW 0x11110000
00CA   3E0B           00273     ADDLW 0x0b
00CB   008D           00274     MOVWF PORTB
00CC   3004           00275     MOVLW 0x04
00CD   078C           00276     ADDWF PORTA, F
00CE   2???           00277     CALL TIMER_LED
00CF   0008           00278     RETURN
00D0                  00279 LED3
MPASM 5.87  /HOME/USER/PIC-HOURGLASS/PIC-HOU   10-11-2024  20:37:15         PAGE  7


LOC  OBJECT CODE     LINE SOURCE TEXT
  VALUE

Warning[202]: Argument out of range.  Least significant bits used.
00D0   3011           00280     MOVLW 0b11100011
00D1   058C           00281     ANDWF PORTA, F
00D2   080D           00282     MOVF PORTB, W
Warning[202]: Argument out of range.  Least significant bits used.
00D3   3900           00283     ANDLW 0x11110000
00D4   3E0D           00284     ADDLW 0x0d
00D5   008D           00285     MOVWF PORTB
00D6   3004           00286     MOVLW 0x04
00D7   078C           00287     ADDWF PORTA, F
00D8   2???           00288     CALL TIMER_LED
00D9   0008           00289     RETURN
00DA                  00290 LED4
Warning[202]: Argument out of range.  Least significant bits used.
00DA   3011           00291     MOVLW 0b11100011
00DB   058C           00292     ANDWF PORTA, F
00DC   080D           00293     MOVF PORTB, W
Warning[202]: Argument out of range.  Least significant bits used.
00DD   3900           00294     ANDLW 0x11110000
00DE   3E07           00295     ADDLW 0x07
00DF   008D           00296     MOVWF PORTB
00E0   3008           00297     MOVLW 0x08
00E1   078C           00298     ADDWF PORTA, F
00E2   2???           00299     CALL TIMER_LED
00E3   0008           00300     RETURN
00E4                  00301 LED5
Warning[202]: Argument out of range.  Least significant bits used.
00E4   3011           00302     MOVLW 0b11100011
00E5   058C           00303     ANDWF PORTA, F
00E6   080D           00304     MOVF PORTB, W
Warning[202]: Argument out of range.  Least significant bits used.
00E7   3900           00305     ANDLW 0x11110000
00E8   3E0B           00306     ADDLW 0x0b
00E9   008D           00307     MOVWF PORTB
00EA   3008           00308     MOVLW 0x08
00EB   078C           00309     ADDWF PORTA, F
00EC   2???           00310     CALL TIMER_LED
00ED   0008           00311     RETURN
00EE                  00312 LED6
Warning[202]: Argument out of range.  Least significant bits used.
00EE   3011           00313     MOVLW 0b11100011
00EF   058C           00314     ANDWF PORTA, F
00F0   080D           00315     MOVF PORTB, W
Warning[202]: Argument out of range.  Least significant bits used.
00F1   3900           00316     ANDLW 0x11110000
00F2   3E07           00317     ADDLW 0x07
00F3   008D           00318     MOVWF PORTB
00F4   3010           00319     MOVLW 0x10
00F5   078C           00320     ADDWF PORTA, F
00F6   2???           00321     CALL TIMER_LED
00F7   0008           00322     RETURN
00F8                  00323 LED7
Warning[202]: Argument out of range.  Least significant bits used.
MPASM 5.87  /HOME/USER/PIC-HOURGLASS/PIC-HOU   10-11-2024  20:37:15         PAGE  8


LOC  OBJECT CODE     LINE SOURCE TEXT
  VALUE

00F8   3011           00324     MOVLW 0b11100011
00F9   058C           00325     ANDWF PORTA, F
00FA   080D           00326     MOVF PORTB, W
Warning[202]: Argument out of range.  Least significant bits used.
00FB   3900           00327     ANDLW 0x11110000
00FC   3E0E           00328     ADDLW 0x0e
00FD   008D           00329     MOVWF PORTB
00FE   3004           00330     MOVLW 0x04
00FF   078C           00331     ADDWF PORTA, F
0100   2???           00332     CALL TIMER_LED
0101   0008           00333     RETURN
0102                  00334 LED8
Warning[202]: Argument out of range.  Least significant bits used.
0102   3011           00335     MOVLW 0b11100011
0103   058C           00336     ANDWF PORTA, F
0104   080D           00337     MOVF PORTB, W
Warning[202]: Argument out of range.  Least significant bits used.
0105   3900           00338     ANDLW 0x11110000
0106   3E0D           00339     ADDLW 0x0d
0107   008D           00340     MOVWF PORTB
0108   3008           00341     MOVLW 0x08
0109   078C           00342     ADDWF PORTA, F
010A   2???           00343     CALL TIMER_LED
010B   0008           00344     RETURN
010C                  00345 LED9
Warning[202]: Argument out of range.  Least significant bits used.
010C   3011           00346     MOVLW 0b11100011
010D   058C           00347     ANDWF PORTA, F
010E   080D           00348     MOVF PORTB, W
Warning[202]: Argument out of range.  Least significant bits used.
010F   3900           00349     ANDLW 0x11110000
0110   3E0E           00350     ADDLW 0x0e
0111   008D           00351     MOVWF PORTB
0112   3008           00352     MOVLW 0x08
0113   078C           00353     ADDWF PORTA, F
0114   2???           00354     CALL TIMER_LED
0115   0008           00355     RETURN
0116                  00356 LED10
Warning[202]: Argument out of range.  Least significant bits used.
0116   3011           00357     MOVLW 0b11100011
0117   058C           00358     ANDWF PORTA, F
0118   080D           00359     MOVF PORTB, W
Warning[202]: Argument out of range.  Least significant bits used.
0119   3900           00360     ANDLW 0x11110000
011A   3E0B           00361     ADDLW 0x0b
011B   008D           00362     MOVWF PORTB
011C   3010           00363     MOVLW 0x10
011D   078C           00364     ADDWF PORTA, F
011E   2???           00365     CALL TIMER_LED
011F   0008           00366     RETURN
0120                  00367 LED11
Warning[202]: Argument out of range.  Least significant bits used.
0120   3011           00368     MOVLW 0b11100011
MPASM 5.87  /HOME/USER/PIC-HOURGLASS/PIC-HOU   10-11-2024  20:37:15         PAGE  9


LOC  OBJECT CODE     LINE SOURCE TEXT
  VALUE

0121   058C           00369     ANDWF PORTA, F
0122   080D           00370     MOVF PORTB, W
Warning[202]: Argument out of range.  Least significant bits used.
0123   3900           00371     ANDLW 0x11110000
0124   3E0D           00372     ADDLW 0x0d
0125   008D           00373     MOVWF PORTB
0126   3010           00374     MOVLW 0x10
0127   078C           00375     ADDWF PORTA, F
0128   2???           00376     CALL TIMER_LED
0129   0008           00377     RETURN
012A                  00378 LED12
Warning[202]: Argument out of range.  Least significant bits used.
012A   3011           00379     MOVLW 0b11100011
012B   058C           00380     ANDWF PORTA, F
012C   080D           00381     MOVF PORTB, W
Warning[202]: Argument out of range.  Least significant bits used.
012D   3900           00382     ANDLW 0x11110000
012E   3E0E           00383     ADDLW 0x0e
012F   008D           00384     MOVWF PORTB
0130   3010           00385     MOVLW 0x10
0131   078C           00386     ADDWF PORTA, F
0132   2???           00387     CALL TIMER_LED
0133   0008           00388     RETURN
                      00389 
                      00390 ;1ms
0134                  00391 TIMER_LED
0134   30C7           00392         MOVLW   D'199'
0135   00F1           00393         MOVWF   CNT1
0136                  00394 TIMER_LED_LABEL1
0136   0000           00395         NOP
0137   0000           00396         NOP
0138   0BF1           00397         DECFSZ  CNT1,F
0139   2???           00398         GOTO    TIMER_LED_LABEL1
013A   0008           00399         RETURN
                      00400 
013B                  00401 TIMER_10MS
013B   3013           00402         MOVLW   D'19'
013C   00F1           00403         MOVWF   CNT1
013D                  00404 TIMER_10MS_LABEL1
013D   30AE           00405         MOVLW   D'174'
013E   00F2           00406         MOVWF   CNT2
013F                  00407 TIMER_10MS_LABEL2
013F   0BF2           00408         DECFSZ  CNT2,F
0140   2???           00409         GOTO    TIMER_10MS_LABEL2
0141   0BF1           00410         DECFSZ  CNT1,F
0142   2???           00411         GOTO    TIMER_10MS_LABEL1
0143   0000           00412         NOP
0144   0008           00413         RETURN
                      00414 
0145                  00415 TIMER_1000MS
0145   30AD           00416         MOVLW   D'173'
0146   00F1           00417         MOVWF   CNT1
0147                  00418 TIMER_1000MS_LABEL1
MPASM 5.87  /HOME/USER/PIC-HOURGLASS/PIC-HOU   10-11-2024  20:37:15         PAGE 10


LOC  OBJECT CODE     LINE SOURCE TEXT
  VALUE

0147   30BF           00419         MOVLW   D'191'
0148   00F2           00420         MOVWF   CNT2
0149                  00421 TIMER_1000MS_LABEL2
0149   0BF2           00422         DECFSZ  CNT2,F
014A   2???           00423         GOTO    TIMER_1000MS_LABEL2
014B   0000           00424         NOP
014C   0BF1           00425         DECFSZ  CNT1,F
014D   2???           00426         GOTO    TIMER_1000MS_LABEL1
014E   0000           00427         NOP
014F   0008           00428         RETURN
                      00429 
Warning[205]: Found directive in column 1. (end)
0984 1CFF             00430 end
MPASM 5.87  /HOME/USER/PIC-HOURGLASS/PIC-HOU   10-11-2024  20:37:15         PAGE 11


SYMBOL TABLE
  LABEL                             VALUE 

ABDEN                             00000000
ABDOVF                            00000007
ACKDT                             00000005
ACKEN                             00000004
ACKSTAT                           00000006
ACKTIM                            00000007
ADCON0                            0000009D
ADCON1                            0000009E
ADCS0                             00000004
ADCS1                             00000005
ADCS2                             00000006
ADDEN                             00000003
ADFM                              00000007
ADFVR0                            00000000
ADFVR1                            00000001
ADGO                              00000001
ADIE                              00000006
ADIF                              00000006
ADNREF                            00000002
ADON                              00000000
ADPREF0                           00000000
ADPREF1                           00000001
ADRES                             0000009B
ADRESH                            0000009C
ADRESL                            0000009B
AHEN                              00000001
ANSA0                             00000000
ANSA1                             00000001
ANSA2                             00000002
ANSA3                             00000003
ANSA4                             00000004
ANSB1                             00000001
ANSB2                             00000002
ANSB3                             00000003
ANSB4                             00000004
ANSB5                             00000005
ANSB6                             00000006
ANSB7                             00000007
ANSELA                            0000018C
ANSELB                            0000018D
APFCON0                           0000011D
APFCON1                           0000011E
BAUDCON                           0000019F
BCL1IE                            00000003
BCL1IF                            00000003
BCL2IE                            00000001
BCL2IF                            00000001
BF                                00000000
BOEN                              00000004
BORCON                            00000116
BORRDY                            00000000
BRG16                             00000003
BRGH                              00000002
MPASM 5.87  /HOME/USER/PIC-HOURGLASS/PIC-HOU   10-11-2024  20:37:15         PAGE 12


SYMBOL TABLE
  LABEL                             VALUE 

BSR                               00000008
BSR0                              00000000
BSR1                              00000001
BSR2                              00000002
BSR3                              00000003
BSR4                              00000004
BSR_SHAD                          00000FE6
C                                 00000000
C1HYS                             00000001
C1IE                              00000005
C1IF                              00000005
C1INTN                            00000006
C1INTP                            00000007
C1NCH0                            00000000
C1NCH1                            00000001
C1OE                              00000005
C1ON                              00000007
C1OUT                             00000006
C1PCH0                            00000004
C1PCH1                            00000005
C1POL                             00000004
C1SP                              00000002
C1SYNC                            00000000
C1TSEL0                           00000000
C1TSEL1                           00000001
C2HYS                             00000001
C2IE                              00000006
C2IF                              00000006
C2INTN                            00000006
C2INTP                            00000007
C2NCH0                            00000000
C2NCH1                            00000001
C2OE                              00000005
C2ON                              00000007
C2OUT                             00000006
C2PCH0                            00000004
C2PCH1                            00000005
C2POL                             00000004
C2SP                              00000002
C2SYNC                            00000000
C2TSEL0                           00000002
C2TSEL1                           00000003
C3TSEL0                           00000004
C3TSEL1                           00000005
C4TSEL0                           00000006
C4TSEL1                           00000007
CCP1AS                            00000295
CCP1AS0                           00000004
CCP1AS1                           00000005
CCP1AS2                           00000006
CCP1ASE                           00000007
CCP1CON                           00000293
CCP1IE                            00000002
MPASM 5.87  /HOME/USER/PIC-HOURGLASS/PIC-HOU   10-11-2024  20:37:15         PAGE 13


SYMBOL TABLE
  LABEL                             VALUE 

CCP1IF                            00000002
CCP1M0                            00000000
CCP1M1                            00000001
CCP1M2                            00000002
CCP1M3                            00000003
CCP1SEL                           00000000
CCP2AS                            0000029C
CCP2AS0                           00000004
CCP2AS1                           00000005
CCP2AS2                           00000006
CCP2ASE                           00000007
CCP2CON                           0000029A
CCP2IE                            00000000
CCP2IF                            00000000
CCP2M0                            00000000
CCP2M1                            00000001
CCP2M2                            00000002
CCP2M3                            00000003
CCP2SEL                           00000003
CCP3CON                           00000313
CCP3IE                            00000004
CCP3IF                            00000004
CCP3M0                            00000000
CCP3M1                            00000001
CCP3M2                            00000002
CCP3M3                            00000003
CCP4CON                           0000031A
CCP4IE                            00000005
CCP4IF                            00000005
CCP4M0                            00000000
CCP4M1                            00000001
CCP4M2                            00000002
CCP4M3                            00000003
CCPR1                             00000291
CCPR1H                            00000292
CCPR1L                            00000291
CCPR2                             00000298
CCPR2H                            00000299
CCPR2L                            00000298
CCPR3                             00000311
CCPR3H                            00000312
CCPR3L                            00000311
CCPR4                             00000318
CCPR4H                            00000319
CCPR4L                            00000318
CCPTMRS                           0000029E
CCPTMRS0                          0000029E
CDAFVR0                           00000002
CDAFVR1                           00000003
CFGS                              00000006
CHS0                              00000002
CHS1                              00000003
CHS2                              00000004
MPASM 5.87  /HOME/USER/PIC-HOURGLASS/PIC-HOU   10-11-2024  20:37:15         PAGE 14


SYMBOL TABLE
  LABEL                             VALUE 

CHS3                              00000005
CHS4                              00000006
CKE                               00000006
CKP                               00000004
CLKRCON                           0000039A
CLKRDC0                           00000003
CLKRDC1                           00000004
CLKRDIV0                          00000000
CLKRDIV1                          00000001
CLKRDIV2                          00000002
CLKREN                            00000007
CLKROE                            00000006
CLKRSLR                           00000005
CM1CON0                           00000111
CM1CON1                           00000112
CM2CON0                           00000113
CM2CON1                           00000114
CMOUT                             00000115
CNT0                              00000070
CNT1                              00000071
CNT2                              00000072
CNT3                              00000073
CNT4                              00000074
CNT4_DEFAULT                      00000028
CNT4_HALF                         00000014
CPSCH0                            00000000
CPSCH1                            00000001
CPSCH2                            00000002
CPSCH3                            00000003
CPSCON0                           0000001E
CPSCON1                           0000001F
CPSON                             00000007
CPSOUT                            00000001
CPSRNG0                           00000002
CPSRNG1                           00000003
CREN                              00000004
CSRC                              00000007
C_SHAD                            00000000
DACCON0                           00000118
DACCON1                           00000119
DACEN                             00000007
DACLPS                            00000006
DACNSS                            00000000
DACOE                             00000005
DACPSS0                           00000002
DACPSS1                           00000003
DACR0                             00000000
DACR1                             00000001
DACR2                             00000002
DACR3                             00000003
DACR4                             00000004
DC                                00000001
DC1B0                             00000004
MPASM 5.87  /HOME/USER/PIC-HOURGLASS/PIC-HOU   10-11-2024  20:37:15         PAGE 15


SYMBOL TABLE
  LABEL                             VALUE 

DC1B1                             00000005
DC2B0                             00000004
DC2B1                             00000005
DC3B0                             00000004
DC3B1                             00000005
DC4B0                             00000004
DC4B1                             00000005
DC_SHAD                           00000001
DHEN                              00000000
D_NOT_A                           00000005
ECCP1AS                           00000295
ECCP2AS                           0000029C
EEADR                             00000191
EEADRH                            00000192
EEADRL                            00000191
EECON1                            00000195
EECON2                            00000196
EEDAT                             00000193
EEDATH                            00000194
EEDATL                            00000193
EEIE                              00000004
EEIF                              00000004
EEPGD                             00000007
F                                 00000001
FERR                              00000002
FREE                              00000004
FSR0                              00000004
FSR0H                             00000005
FSR0H_SHAD                        00000FE9
FSR0L                             00000004
FSR0L_SHAD                        00000FE8
FSR1                              00000006
FSR1H                             00000007
FSR1H_SHAD                        00000FEB
FSR1L                             00000006
FSR1L_SHAD                        00000FEA
FVRCON                            00000117
FVREN                             00000007
FVRRDY                            00000006
GCEN                              00000007
GIE                               00000007
GO                                00000001
GO_NOT_DONE                       00000001
HFIOFL                            00000003
HFIOFR                            00000004
HFIOFS                            00000000
INDF0                             00000000
INDF1                             00000001
INTCON                            0000000B
INTE                              00000004
INTEDG                            00000006
INTF                              00000001
IOCBF                             00000396
MPASM 5.87  /HOME/USER/PIC-HOURGLASS/PIC-HOU   10-11-2024  20:37:15         PAGE 16


SYMBOL TABLE
  LABEL                             VALUE 

IOCBF0                            00000000
IOCBF1                            00000001
IOCBF2                            00000002
IOCBF3                            00000003
IOCBF4                            00000004
IOCBF5                            00000005
IOCBF6                            00000006
IOCBF7                            00000007
IOCBN                             00000395
IOCBN0                            00000000
IOCBN1                            00000001
IOCBN2                            00000002
IOCBN3                            00000003
IOCBN4                            00000004
IOCBN5                            00000005
IOCBN6                            00000006
IOCBN7                            00000007
IOCBP                             00000394
IOCBP0                            00000000
IOCBP1                            00000001
IOCBP2                            00000002
IOCBP3                            00000003
IOCBP4                            00000004
IOCBP5                            00000005
IOCBP6                            00000006
IOCBP7                            00000007
IOCIE                             00000003
IOCIF                             00000000
IRCF0                             00000003
IRCF1                             00000004
IRCF2                             00000005
IRCF3                             00000006
LATA                              0000010C
LATA0                             00000000
LATA1                             00000001
LATA2                             00000002
LATA3                             00000003
LATA4                             00000004
LATA6                             00000006
LATA7                             00000007
LATB                              0000010D
LATB0                             00000000
LATB1                             00000001
LATB2                             00000002
LATB3                             00000003
LATB4                             00000004
LATB5                             00000005
LATB6                             00000006
LATB7                             00000007
LED1                              000000BC
LED10                             00000116
LED11                             00000120
LED12                             0000012A
MPASM 5.87  /HOME/USER/PIC-HOURGLASS/PIC-HOU   10-11-2024  20:37:15         PAGE 17


SYMBOL TABLE
  LABEL                             VALUE 

LED2                              000000C6
LED3                              000000D0
LED4                              000000DA
LED5                              000000E4
LED6                              000000EE
LED7                              000000F8
LED8                              00000102
LED9                              0000010C
LED_CLEAR                         000000B2
LFIOFR                            00000001
LOOP                              00000010
LWLO                              00000005
MC1OUT                            00000000
MC2OUT                            00000001
MDBIT                             00000000
MDCARH                            0000039F
MDCARL                            0000039E
MDCH0                             00000000
MDCH1                             00000001
MDCH2                             00000002
MDCH3                             00000003
MDCHODIS                          00000007
MDCHPOL                           00000006
MDCHSYNC                          00000005
MDCL0                             00000000
MDCL1                             00000001
MDCL2                             00000002
MDCL3                             00000003
MDCLODIS                          00000007
MDCLPOL                           00000006
MDCLSYNC                          00000005
MDCON                             0000039C
MDEN                              00000007
MDMS0                             00000000
MDMS1                             00000001
MDMS2                             00000002
MDMS3                             00000003
MDMSODIS                          00000007
MDOE                              00000006
MDOPOL                            00000004
MDOUT                             00000003
MDSLR                             00000005
MDSRC                             0000039D
MFIOFR                            00000002
NOT_BOR                           00000000
NOT_PD                            00000003
NOT_POR                           00000001
NOT_RI                            00000002
NOT_RMCLR                         00000003
NOT_T1SYNC                        00000002
NOT_TO                            00000004
NOT_WPUEN                         00000007
OERR                              00000001
MPASM 5.87  /HOME/USER/PIC-HOURGLASS/PIC-HOU   10-11-2024  20:37:15         PAGE 18


SYMBOL TABLE
  LABEL                             VALUE 

OPTION_REG                        00000095
OSCCON                            00000099
OSCSTAT                           0000009A
OSCTUNE                           00000098
OSFIE                             00000007
OSFIF                             00000007
OSTS                              00000005
P                                 00000004
P1CSEL                            00000001
P1DC0                             00000000
P1DC1                             00000001
P1DC2                             00000002
P1DC3                             00000003
P1DC4                             00000004
P1DC5                             00000005
P1DC6                             00000006
P1DSEL                            00000002
P1M0                              00000006
P1M1                              00000007
P1RSEN                            00000007
P2BSEL                            00000004
P2DC0                             00000000
P2DC1                             00000001
P2DC2                             00000002
P2DC3                             00000003
P2DC4                             00000004
P2DC5                             00000005
P2DC6                             00000006
P2M0                              00000006
P2M1                              00000007
P2RSEN                            00000007
PCIE                              00000006
PCL                               00000002
PCLATH                            0000000A
PCLATH_SHAD                       00000FE7
PCON                              00000096
PEIE                              00000006
PEN                               00000002
PIE1                              00000091
PIE2                              00000092
PIE3                              00000093
PIE4                              00000094
PIR1                              00000011
PIR2                              00000012
PIR3                              00000013
PIR4                              00000014
PLLR                              00000006
PORTA                             0000000C
PORTB                             0000000D
PR2                               0000001B
PR4                               00000416
PR6                               0000041D
PS0                               00000000
MPASM 5.87  /HOME/USER/PIC-HOURGLASS/PIC-HOU   10-11-2024  20:37:15         PAGE 19


SYMBOL TABLE
  LABEL                             VALUE 

PS1                               00000001
PS2                               00000002
PSA                               00000003
PSS1AC0                           00000002
PSS1AC1                           00000003
PSS1BD0                           00000000
PSS1BD1                           00000001
PSS2AC0                           00000002
PSS2AC1                           00000003
PSS2BD0                           00000000
PSS2BD1                           00000001
PSTR1CON                          00000296
PSTR2CON                          0000029D
PWM1CON                           00000294
PWM2CON                           0000029B
RA0                               00000000
RA1                               00000001
RA2                               00000002
RA3                               00000003
RA4                               00000004
RA5                               00000005
RA6                               00000006
RA7                               00000007
RB0                               00000000
RB1                               00000001
RB2                               00000002
RB3                               00000003
RB4                               00000004
RB5                               00000005
RB6                               00000006
RB7                               00000007
RCEN                              00000003
RCIDL                             00000006
RCIE                              00000005
RCIF                              00000005
RCREG                             00000199
RCSTA                             0000019D
RD                                00000000
RSEN                              00000001
RX9                               00000006
RX9D                              00000000
RXDTSEL                           00000007
R_NOT_W                           00000002
S                                 00000003
SBCDE                             00000002
SBOREN                            00000007
SCIE                              00000005
SCKP                              00000004
SCS0                              00000000
SCS1                              00000001
SDAHT                             00000003
SDO1SEL                           00000006
SEN                               00000000
MPASM 5.87  /HOME/USER/PIC-HOURGLASS/PIC-HOU   10-11-2024  20:37:15         PAGE 20


SYMBOL TABLE
  LABEL                             VALUE 

SENDB                             00000003
SMP                               00000007
SP1BRG                            0000019B
SP1BRGH                           0000019C
SP1BRGL                           0000019B
SPBRG                             0000019B
SPBRGH                            0000019C
SPBRGL                            0000019B
SPEN                              00000007
SPLLEN                            00000007
SRCLK0                            00000004
SRCLK1                            00000005
SRCLK2                            00000006
SRCON0                            0000011A
SRCON1                            0000011B
SREN                              00000005
SRLEN                             00000007
SRNQEN                            00000002
SRPR                              00000000
SRPS                              00000001
SRQEN                             00000003
SRRC1E                            00000000
SRRC2E                            00000001
SRRCKE                            00000002
SRRPE                             00000003
SRSC1E                            00000004
SRSC2E                            00000005
SRSCKE                            00000006
SRSPE                             00000007
SS1SEL                            00000005
SSP1ADD                           00000212
SSP1BUF                           00000211
SSP1CON1                          00000215
SSP1CON2                          00000216
SSP1CON3                          00000217
SSP1IE                            00000003
SSP1IF                            00000003
SSP1MSK                           00000213
SSP1STAT                          00000214
SSP2ADD                           0000021A
SSP2BUF                           00000219
SSP2CON1                          0000021D
SSP2CON2                          0000021E
SSP2CON3                          0000021F
SSP2IE                            00000000
SSP2IF                            00000000
SSP2MSK                           0000021B
SSP2STAT                          0000021C
SSPADD                            00000212
SSPBUF                            00000211
SSPCON                            00000215
SSPCON1                           00000215
SSPCON2                           00000216
MPASM 5.87  /HOME/USER/PIC-HOURGLASS/PIC-HOU   10-11-2024  20:37:15         PAGE 21


SYMBOL TABLE
  LABEL                             VALUE 

SSPCON3                           00000217
SSPEN                             00000005
SSPM0                             00000000
SSPM1                             00000001
SSPM2                             00000002
SSPM3                             00000003
SSPMSK                            00000213
SSPOV                             00000006
SSPSTAT                           00000214
STATE0                            00000014
STATE1                            0000001A
STATE2                            00000020
STATE3                            00000026
STATE4                            0000002C
STATE5                            00000032
STATE6                            00000038
STATE7                            0000003E
STATUS                            00000003
STATUS_SHAD                       00000FE4
STKOVF                            00000007
STKPTR                            00000FED
STKUNF                            00000006
STR1A                             00000000
STR1B                             00000001
STR1C                             00000002
STR1D                             00000003
STR1SYNC                          00000004
STR2A                             00000000
STR2B                             00000001
STR2C                             00000002
STR2D                             00000003
STR2SYNC                          00000004
SWDTEN                            00000000
SYNC                              00000004
T0CS                              00000005
T0IE                              00000005
T0IF                              00000002
T0SE                              00000004
T0XCS                             00000000
T1CKPS0                           00000004
T1CKPS1                           00000005
T1CON                             00000018
T1GCON                            00000019
T1GGO                             00000003
T1GPOL                            00000006
T1GSPM                            00000004
T1GSS0                            00000000
T1GSS1                            00000001
T1GTM                             00000005
T1GVAL                            00000002
T1OSCEN                           00000003
T1OSCR                            00000007
T2CKPS0                           00000000
MPASM 5.87  /HOME/USER/PIC-HOURGLASS/PIC-HOU   10-11-2024  20:37:15         PAGE 22


SYMBOL TABLE
  LABEL                             VALUE 

T2CKPS1                           00000001
T2CON                             0000001C
T2OUTPS0                          00000003
T2OUTPS1                          00000004
T2OUTPS2                          00000005
T2OUTPS3                          00000006
T4CKPS0                           00000000
T4CKPS1                           00000001
T4CON                             00000417
T4OUTPS0                          00000003
T4OUTPS1                          00000004
T4OUTPS2                          00000005
T4OUTPS3                          00000006
T6CKPS0                           00000000
T6CKPS1                           00000001
T6CON                             0000041E
T6OUTPS0                          00000003
T6OUTPS1                          00000004
T6OUTPS2                          00000005
T6OUTPS3                          00000006
TIMER_1000MS                      00000145
TIMER_1000MS_LABEL1               00000147
TIMER_1000MS_LABEL2               00000149
TIMER_10MS                        0000013B
TIMER_10MS_LABEL1                 0000013D
TIMER_10MS_LABEL2                 0000013F
TIMER_LED                         00000134
TIMER_LED_LABEL1                  00000136
TMP                               00000074
TMR0                              00000015
TMR0CS                            00000005
TMR0IE                            00000005
TMR0IF                            00000002
TMR0SE                            00000004
TMR1                              00000016
TMR1CS0                           00000006
TMR1CS1                           00000007
TMR1GE                            00000007
TMR1GIE                           00000007
TMR1GIF                           00000007
TMR1H                             00000017
TMR1IE                            00000000
TMR1IF                            00000000
TMR1L                             00000016
TMR1ON                            00000000
TMR2                              0000001A
TMR2IE                            00000001
TMR2IF                            00000001
TMR2ON                            00000002
TMR4                              00000415
TMR4IE                            00000001
TMR4IF                            00000001
TMR4ON                            00000002
MPASM 5.87  /HOME/USER/PIC-HOURGLASS/PIC-HOU   10-11-2024  20:37:15         PAGE 23


SYMBOL TABLE
  LABEL                             VALUE 

TMR6                              0000041C
TMR6IE                            00000003
TMR6IF                            00000003
TMR6ON                            00000002
TOSH                              00000FEF
TOSL                              00000FEE
TRISA                             0000008C
TRISA0                            00000000
TRISA1                            00000001
TRISA2                            00000002
TRISA3                            00000003
TRISA4                            00000004
TRISA5                            00000005
TRISA6                            00000006
TRISA7                            00000007
TRISB                             0000008D
TRISB0                            00000000
TRISB1                            00000001
TRISB2                            00000002
TRISB3                            00000003
TRISB4                            00000004
TRISB5                            00000005
TRISB6                            00000006
TRISB7                            00000007
TRMT                              00000001
TSEN                              00000005
TSRNG                             00000004
TUN0                              00000000
TUN1                              00000001
TUN2                              00000002
TUN3                              00000003
TUN4                              00000004
TUN5                              00000005
TX9                               00000006
TX9D                              00000000
TXCKSEL                           00000000
TXEN                              00000005
TXIE                              00000004
TXIF                              00000004
TXREG                             0000019A
TXSTA                             0000019E
UA                                00000001
W                                 00000000
WCOL                              00000007
WDTCON                            00000097
WDTPS0                            00000001
WDTPS1                            00000002
WDTPS2                            00000003
WDTPS3                            00000004
WDTPS4                            00000005
WPUA                              0000020C
WPUA5                             00000005
WPUB                              0000020D
MPASM 5.87  /HOME/USER/PIC-HOURGLASS/PIC-HOU   10-11-2024  20:37:15         PAGE 24


SYMBOL TABLE
  LABEL                             VALUE 

WPUB0                             00000000
WPUB1                             00000001
WPUB2                             00000002
WPUB3                             00000003
WPUB4                             00000004
WPUB5                             00000005
WPUB6                             00000006
WPUB7                             00000007
WR                                00000001
WREG                              00000009
WREG_SHAD                         00000FE5
WREN                              00000002
WRERR                             00000003
WUE                               00000001
Z                                 00000002
Z_SHAD                            00000002
_BOREN_NSLEEP                     00003DFF
_BOREN_OFF                        000039FF
_BOREN_ON                         00003FFF
_BOREN_SBODEN                     00003BFF
_BORV_19                          00003FFF
_BORV_HI                          00003BFF
_BORV_LO                          00003FFF
_CLKOUTEN_OFF                     00003FFF
_CLKOUTEN_ON                      000037FF
_CONFIG1                          00008007
_CONFIG2                          00008008
_CPD_OFF                          00003FFF
_CPD_ON                           00003EFF
_CP_OFF                           00003FFF
_CP_ON                            00003F7F
_DEVID1                           00008006
_FCMEN_OFF                        00001FFF
_FCMEN_ON                         00003FFF
_FOSC_ECH                         00003FFF
_FOSC_ECL                         00003FFD
_FOSC_ECM                         00003FFE
_FOSC_EXTRC                       00003FFB
_FOSC_HS                          00003FFA
_FOSC_INTOSC                      00003FFC
_FOSC_LP                          00003FF8
_FOSC_XT                          00003FF9
_IDLOC0                           00008000
_IDLOC1                           00008001
_IDLOC2                           00008002
_IDLOC3                           00008003
_IESO_OFF                         00002FFF
_IESO_ON                          00003FFF
_LVP_OFF                          00001FFF
_LVP_ON                           00003FFF
_MCLRE_OFF                        00003FBF
_MCLRE_ON                         00003FFF
_PLLEN_OFF                        00003EFF
MPASM 5.87  /HOME/USER/PIC-HOURGLASS/PIC-HOU   10-11-2024  20:37:15         PAGE 25


SYMBOL TABLE
  LABEL                             VALUE 

_PLLEN_ON                         00003FFF
_PWRTE_OFF                        00003FFF
_PWRTE_ON                         00003FDF
_STATE0                           00000041
_STATE1                           00000048
_STATE1_DEC                       00000060
_STATE1_ON                        00000058
_STATE2                           00000062
_STATE3                           00000069
_STATE3_DEC                       00000081
_STATE3_ON                        00000079
_STATE4                           00000083
_STATE5                           0000008A
_STATE5_DEC                       000000A2
_STATE5_ON                        0000009A
_STATE6                           000000A4
_STATE7                           000000AB
_STVREN_OFF                       00003DFF
_STVREN_ON                        00003FFF
_WDTE_NSLEEP                      00003FF7
_WDTE_OFF                         00003FE7
_WDTE_ON                          00003FFF
_WDTE_SWDTEN                      00003FEF
_WRT_ALL                          00003FFC
_WRT_BOOT                         00003FFE
_WRT_HALF                         00003FFD
_WRT_OFF                          00003FFF
__16F1827                         00000001

Errors   :     0
Warnings :    31 reported,     0 suppressed
Messages :    18 reported,     0 suppressed

